Step: step-credential-initializer-vv4cq:

{"level":"warn","ts":1565716282.6391015,"logger":"fallback-logger","caller":"logging/config.go:69","msg":"Fetch GitHub commit ID from kodata failed: \"ref: refs/heads/master\" is not a valid GitHub commit ID"}
{"level":"info","ts":1565716282.6395512,"logger":"fallback-logger","caller":"creds-init/main.go:40","msg":"Credentials initialized."}
Step: step-working-dir-initializer-mqprx:

{"level":"warn","ts":1565716283.7245479,"logger":"fallback-logger","caller":"logging/config.go:69","msg":"Fetch GitHub commit ID from kodata failed: open /var/run/ko/HEAD: no such file or directory"}
{"level":"info","ts":1565716283.725675,"logger":"fallback-logger","caller":"bash/main.go:65","msg":"Successfully executed command \"mkdir -p /workspace/source\""}
Step: step-place-tools:

Step: step-git-source-meta-*********-environment-simo-wttfs:

{"level":"warn","ts":1565716291.9447153,"logger":"fallback-logger","caller":"logging/config.go:69","msg":"Fetch GitHub commit ID from kodata failed: \"ref: refs/heads/master\" is not a valid GitHub commit ID"}
{"level":"info","ts":1565716292.2314913,"logger":"fallback-logger","caller":"git/git.go:102","msg":"Successfully cloned https://github.com/*********/environment-*********-staging.git @ 6b25865fec0b628c42f318e7cbd4b9504c9aa0db in path /workspace/source"}
Step: step-git-merge:

{"level":"info","msg":"Using SHAs from PULL_REFS=master:6b25865fec0b628c42f318e7cbd4b9504c9aa0db,5:2c33943ae0222198aca314995be35c7ac12f3b59","time":"2019-08-13T17:11:33Z"}
{"level":"debug","msg":"ran git fetch --unshallow origin 2c33943ae0222198aca314995be35c7ac12f3b59: 6b25865fec0b628c42f318e7cbd4b9504c9aa0db: in ","time":"2019-08-13T17:11:33Z"}
{"level":"debug","msg":"ran git checkout master in ","time":"2019-08-13T17:11:33Z"}
{"level":"debug","msg":"ran git reset --hard 6b25865fec0b628c42f318e7cbd4b9504c9aa0db in ","time":"2019-08-13T17:11:33Z"}
{"level":"debug","msg":"ran clean --force -d . in ","time":"2019-08-13T17:11:33Z"}
{"level":"debug","msg":"ran git merge 2c33943ae0222198aca314995be35c7ac12f3b59 in ","time":"2019-08-13T17:11:33Z"}
MERGED SHA SUBJECT
2c33943ae  chore: Promote go-demo-6 to version 1.0.338
Step: step-merge-pull-refs:

{"level":"debug","msg":"ran git fetch origin 2c33943ae0222198aca314995be35c7ac12f3b59: 6b25865fec0b628c42f318e7cbd4b9504c9aa0db: in ","time":"2019-08-13T17:11:34Z"}
{"level":"debug","msg":"Unshallowed git repo in ","time":"2019-08-13T17:11:34Z"}
{"level":"debug","msg":"ran git checkout master in ","time":"2019-08-13T17:11:34Z"}
{"level":"debug","msg":"ran git reset --hard 6b25865fec0b628c42f318e7cbd4b9504c9aa0db in ","time":"2019-08-13T17:11:34Z"}
{"level":"debug","msg":"ran clean --force -d . in ","time":"2019-08-13T17:11:34Z"}
{"level":"debug","msg":"ran git merge 2c33943ae0222198aca314995be35c7ac12f3b59 in ","time":"2019-08-13T17:11:34Z"}
MERGED SHA SUBJECT
2c33943ae  chore: Promote go-demo-6 to version 1.0.338
Step: step-create-effective-pipeline:

{"level":"info","msg":"Deleting and cloning the Jenkins X versions repo","time":"2019-08-13T17:11:35Z"}
{"level":"info","msg":"Cloning the Jenkins X versions repo https://github.com/jenkins-x/jenkins-x-versions.git with ref refs/heads/master to /builder/home/.jx/jenkins-x-versions","time":"2019-08-13T17:11:35Z"}
{"level":"info","msg":"selected pack: /builder/home/.jx/draft/packs/github.com/jenkins-x-buildpacks/jenkins-x-kubernetes/packs/environment","time":"2019-08-13T17:11:36Z"}
{"level":"info","msg":"Effective pipeline written to jenkins-x-promotion-build-effective.yml","time":"2019-08-13T17:11:37Z"}
Step: step-create-tekton-crds:

{"level":"info","msg":"PipelineActivity for *********-environment-*********-staging-PR-5-1","time":"2019-08-13T17:11:38Z"}
{"level":"info","msg":"Applying changes ","time":"2019-08-13T17:11:38Z"}
{"level":"info","msg":"Checking if batch build reconciling is needed","time":"2019-08-13T17:11:38Z"}
{"level":"info","msg":"upserted PipelineResource *********-environment-********* for the git repository https://github.com/*********/environment-*********-staging.git and branch PR-5","time":"2019-08-13T17:11:38Z"}
{"level":"info","msg":"upserted Task *********-environment-*********-sjj8q-from-build-pack-1","time":"2019-08-13T17:11:38Z"}
{"level":"info","msg":"upserted Pipeline *********-environment-*********-sjj8q-1","time":"2019-08-13T17:11:38Z"}
{"level":"info","msg":"created PipelineRun *********-environment-*********-sjj8q-1","time":"2019-08-13T17:11:38Z"}
{"level":"info","msg":"created PipelineStructure *********-environment-*********-sjj8q-1","time":"2019-08-13T17:11:38Z"}
