Step: step-credential-initializer-cppjv:

{"level":"warn","ts":1565727772.4783955,"logger":"fallback-logger","caller":"logging/config.go:69","msg":"Fetch GitHub commit ID from kodata failed: \"ref: refs/heads/master\" is not a valid GitHub commit ID"}
{"level":"info","ts":1565727772.4789457,"logger":"fallback-logger","caller":"creds-init/main.go:40","msg":"Credentials initialized."}
Step: step-working-dir-initializer-pzfbk:

{"level":"warn","ts":1565727773.4487286,"logger":"fallback-logger","caller":"logging/config.go:69","msg":"Fetch GitHub commit ID from kodata failed: open /var/run/ko/HEAD: no such file or directory"}
{"level":"info","ts":1565727773.4499118,"logger":"fallback-logger","caller":"bash/main.go:65","msg":"Successfully executed command \"mkdir -p /workspace/source\""}
Step: step-place-tools:

Step: step-git-source-meta-*********-environment-simo-f5qt4:

{"level":"warn","ts":1565727780.5321026,"logger":"fallback-logger","caller":"logging/config.go:69","msg":"Fetch GitHub commit ID from kodata failed: \"ref: refs/heads/master\" is not a valid GitHub commit ID"}
{"level":"info","ts":1565727781.239455,"logger":"fallback-logger","caller":"git/git.go:102","msg":"Successfully cloned https://github.com/*********/environment-*********-staging.git @ f1f0c7d482ea300a6e1f232ce7b4c6a4eb81d959 in path /workspace/source"}
Step: step-git-merge:

{"level":"info","msg":"Using SHAs from PULL_REFS=master:f1f0c7d482ea300a6e1f232ce7b4c6a4eb81d959","time":"2019-08-13T20:23:01Z"}
{"level":"warning","msg":"no SHAs to merge, falling back to initial cloned commit","time":"2019-08-13T20:23:01Z"}
Step: step-merge-pull-refs:

SKIP merge-pull-refs: Nothing to merge
Step: step-create-effective-pipeline:

{"level":"info","msg":"Deleting and cloning the Jenkins X versions repo","time":"2019-08-13T20:23:02Z"}
{"level":"info","msg":"Cloning the Jenkins X versions repo https://github.com/jenkins-x/jenkins-x-versions.git with ref refs/heads/master to /builder/home/.jx/jenkins-x-versions","time":"2019-08-13T20:23:02Z"}
{"level":"info","msg":"selected pack: /builder/home/.jx/draft/packs/github.com/jenkins-x-buildpacks/jenkins-x-kubernetes/packs/environment","time":"2019-08-13T20:23:04Z"}
{"level":"info","msg":"Effective pipeline written to jenkins-x-promotion-effective.yml","time":"2019-08-13T20:23:06Z"}
Step: step-create-tekton-crds:

{"level":"info","msg":"running command: jx step next-version --use-git-tag-only --tag","time":"2019-08-13T20:23:07Z"}
{"level":"info","msg":"created new version: 0.0.10 and written to file: ./VERSION","time":"2019-08-13T20:23:07Z"}
{"level":"info","msg":"Tag v0.0.10 created and pushed to remote origin","time":"2019-08-13T20:23:10Z"}
{"level":"info","msg":"","time":"2019-08-13T20:23:10Z"}
{"level":"info","msg":"PipelineActivity for *********-environment-*********-staging-master-10","time":"2019-08-13T20:23:10Z"}
{"level":"info","msg":"Applying changes ","time":"2019-08-13T20:23:10Z"}
{"level":"info","msg":"upserted PipelineResource *********-environment-********* for the git repository https://github.com/*********/environment-*********-staging.git and branch master","time":"2019-08-13T20:23:10Z"}
{"level":"info","msg":"upserted Task *********-environment-*********-xcqpt-from-build-pack-10","time":"2019-08-13T20:23:10Z"}
{"level":"info","msg":"upserted Pipeline *********-environment-*********-xcqpt-10","time":"2019-08-13T20:23:10Z"}
{"level":"info","msg":"created PipelineRun *********-environment-*********-xcqpt-10","time":"2019-08-13T20:23:10Z"}
{"level":"info","msg":"created PipelineStructure *********-environment-*********-xcqpt-10","time":"2019-08-13T20:23:10Z"}
