Step: step-credential-initializer-sztbp:

{"level":"warn","ts":1565728636.5280387,"logger":"fallback-logger","caller":"logging/config.go:69","msg":"Fetch GitHub commit ID from kodata failed: \"ref: refs/heads/master\" is not a valid GitHub commit ID"}
{"level":"info","ts":1565728636.5285516,"logger":"fallback-logger","caller":"creds-init/main.go:40","msg":"Credentials initialized."}
Step: step-working-dir-initializer-xv2hx:

{"level":"warn","ts":1565728637.7343442,"logger":"fallback-logger","caller":"logging/config.go:69","msg":"Fetch GitHub commit ID from kodata failed: open /var/run/ko/HEAD: no such file or directory"}
{"level":"info","ts":1565728637.7358007,"logger":"fallback-logger","caller":"bash/main.go:65","msg":"Successfully executed command \"mkdir -p /workspace/source\""}
Step: step-place-tools:

Step: step-git-source-meta-*********-environment-simo-d42xc:

{"level":"warn","ts":1565728650.080241,"logger":"fallback-logger","caller":"logging/config.go:69","msg":"Fetch GitHub commit ID from kodata failed: \"ref: refs/heads/master\" is not a valid GitHub commit ID"}
{"level":"info","ts":1565728650.3486896,"logger":"fallback-logger","caller":"git/git.go:102","msg":"Successfully cloned https://github.com/*********/environment-*********-staging.git @ 870815dc8f2cff8e8d3927c6373a1f8098e00901 in path /workspace/source"}
Step: step-git-merge:

{"level":"info","msg":"Using SHAs from PULL_REFS=master:870815dc8f2cff8e8d3927c6373a1f8098e00901","time":"2019-08-13T20:37:31Z"}
{"level":"warning","msg":"no SHAs to merge, falling back to initial cloned commit","time":"2019-08-13T20:37:31Z"}
Step: step-merge-pull-refs:

SKIP merge-pull-refs: Nothing to merge
Step: step-create-effective-pipeline:

{"level":"info","msg":"Deleting and cloning the Jenkins X versions repo","time":"2019-08-13T20:37:32Z"}
{"level":"info","msg":"Cloning the Jenkins X versions repo https://github.com/jenkins-x/jenkins-x-versions.git with ref refs/heads/master to /builder/home/.jx/jenkins-x-versions","time":"2019-08-13T20:37:32Z"}
{"level":"info","msg":"selected pack: /builder/home/.jx/draft/packs/github.com/jenkins-x-buildpacks/jenkins-x-kubernetes/packs/environment","time":"2019-08-13T20:37:33Z"}
{"level":"info","msg":"Effective pipeline written to jenkins-x-promotion-effective.yml","time":"2019-08-13T20:37:34Z"}
Step: step-create-tekton-crds:

{"level":"info","msg":"running command: jx step next-version --use-git-tag-only --tag","time":"2019-08-13T20:37:34Z"}
{"level":"info","msg":"created new version: 0.0.11 and written to file: ./VERSION","time":"2019-08-13T20:37:35Z"}
{"level":"info","msg":"Tag v0.0.11 created and pushed to remote origin","time":"2019-08-13T20:37:37Z"}
{"level":"info","msg":"","time":"2019-08-13T20:37:37Z"}
{"level":"info","msg":"PipelineActivity for *********-environment-*********-staging-master-11","time":"2019-08-13T20:37:37Z"}
{"level":"info","msg":"Applying changes ","time":"2019-08-13T20:37:37Z"}
{"level":"info","msg":"upserted PipelineResource *********-environment-********* for the git repository https://github.com/*********/environment-*********-staging.git and branch master","time":"2019-08-13T20:37:37Z"}
{"level":"info","msg":"upserted Task *********-environment-*********-w6tld-from-build-pack-11","time":"2019-08-13T20:37:37Z"}
{"level":"info","msg":"upserted Pipeline *********-environment-*********-w6tld-11","time":"2019-08-13T20:37:37Z"}
{"level":"info","msg":"created PipelineRun *********-environment-*********-w6tld-11","time":"2019-08-13T20:37:38Z"}
{"level":"info","msg":"created PipelineStructure *********-environment-*********-w6tld-11","time":"2019-08-13T20:37:38Z"}
