Step: step-credential-initializer-mmr66:

{"level":"warn","ts":1565728747.0696187,"logger":"fallback-logger","caller":"logging/config.go:69","msg":"Fetch GitHub commit ID from kodata failed: \"ref: refs/heads/master\" is not a valid GitHub commit ID"}
{"level":"info","ts":1565728747.0707717,"logger":"fallback-logger","caller":"creds-init/main.go:40","msg":"Credentials initialized."}
Step: step-working-dir-initializer-bg2qr:

{"level":"warn","ts":1565728747.4591763,"logger":"fallback-logger","caller":"logging/config.go:69","msg":"Fetch GitHub commit ID from kodata failed: open /var/run/ko/HEAD: no such file or directory"}
{"level":"info","ts":1565728747.4610424,"logger":"fallback-logger","caller":"bash/main.go:65","msg":"Successfully executed command \"mkdir -p /workspace/source\""}
Step: step-place-tools:

Step: step-git-source-meta-*********-environment-simo-b74sr:

{"level":"warn","ts":1565728761.9552457,"logger":"fallback-logger","caller":"logging/config.go:69","msg":"Fetch GitHub commit ID from kodata failed: \"ref: refs/heads/master\" is not a valid GitHub commit ID"}
{"level":"info","ts":1565728762.2425172,"logger":"fallback-logger","caller":"git/git.go:102","msg":"Successfully cloned https://github.com/*********/environment-*********-staging.git @ 385263d49b3e6dd48005b10b0149fc296e53ce3f in path /workspace/source"}
Step: step-git-merge:

{"level":"info","msg":"Using SHAs from PULL_REFS=master:385263d49b3e6dd48005b10b0149fc296e53ce3f","time":"2019-08-13T20:39:23Z"}
{"level":"warning","msg":"no SHAs to merge, falling back to initial cloned commit","time":"2019-08-13T20:39:23Z"}
Step: step-merge-pull-refs:

SKIP merge-pull-refs: Nothing to merge
Step: step-create-effective-pipeline:

{"level":"info","msg":"Deleting and cloning the Jenkins X versions repo","time":"2019-08-13T20:39:24Z"}
{"level":"info","msg":"Cloning the Jenkins X versions repo https://github.com/jenkins-x/jenkins-x-versions.git with ref refs/heads/master to /builder/home/.jx/jenkins-x-versions","time":"2019-08-13T20:39:24Z"}
{"level":"info","msg":"selected pack: /builder/home/.jx/draft/packs/github.com/jenkins-x-buildpacks/jenkins-x-kubernetes/packs/environment","time":"2019-08-13T20:39:25Z"}
{"level":"info","msg":"Effective pipeline written to jenkins-x-promotion-effective.yml","time":"2019-08-13T20:39:26Z"}
Step: step-create-tekton-crds:

{"level":"info","msg":"running command: jx step next-version --use-git-tag-only --tag","time":"2019-08-13T20:39:27Z"}
{"level":"info","msg":"created new version: 0.0.12 and written to file: ./VERSION","time":"2019-08-13T20:39:28Z"}
{"level":"info","msg":"Tag v0.0.12 created and pushed to remote origin","time":"2019-08-13T20:39:30Z"}
{"level":"info","msg":"","time":"2019-08-13T20:39:30Z"}
{"level":"info","msg":"PipelineActivity for *********-environment-*********-staging-master-12","time":"2019-08-13T20:39:30Z"}
{"level":"info","msg":"Applying changes ","time":"2019-08-13T20:39:30Z"}
{"level":"info","msg":"upserted PipelineResource *********-environment-********* for the git repository https://github.com/*********/environment-*********-staging.git and branch master","time":"2019-08-13T20:39:30Z"}
{"level":"info","msg":"upserted Task *********-environment-*********-bnxtn-from-build-pack-12","time":"2019-08-13T20:39:30Z"}
{"level":"info","msg":"upserted Pipeline *********-environment-*********-bnxtn-12","time":"2019-08-13T20:39:30Z"}
{"level":"info","msg":"created PipelineRun *********-environment-*********-bnxtn-12","time":"2019-08-13T20:39:30Z"}
{"level":"info","msg":"created PipelineStructure *********-environment-*********-bnxtn-12","time":"2019-08-13T20:39:30Z"}
