Step: step-credential-initializer-8lj7h:

{"level":"warn","ts":1565713802.1108816,"logger":"fallback-logger","caller":"logging/config.go:69","msg":"Fetch GitHub commit ID from kodata failed: \"ref: refs/heads/master\" is not a valid GitHub commit ID"}
{"level":"info","ts":1565713802.1113083,"logger":"fallback-logger","caller":"creds-init/main.go:40","msg":"Credentials initialized."}
Step: step-working-dir-initializer-9j4m6:

{"level":"warn","ts":1565713802.347192,"logger":"fallback-logger","caller":"logging/config.go:69","msg":"Fetch GitHub commit ID from kodata failed: open /var/run/ko/HEAD: no such file or directory"}
{"level":"info","ts":1565713802.3483095,"logger":"fallback-logger","caller":"bash/main.go:65","msg":"Successfully executed command \"mkdir -p /workspace/source\""}
Step: step-place-tools:

Step: step-git-source-meta-*********-environment-simo-lm654:

{"level":"warn","ts":1565713809.4522243,"logger":"fallback-logger","caller":"logging/config.go:69","msg":"Fetch GitHub commit ID from kodata failed: \"ref: refs/heads/master\" is not a valid GitHub commit ID"}
{"level":"info","ts":1565713810.037558,"logger":"fallback-logger","caller":"git/git.go:102","msg":"Successfully cloned https://github.com/*********/environment-*********-staging.git @ 0fb1ff0d72f0cf5a94f26bdc8b11240523603b1d in path /workspace/source"}
Step: step-git-merge:

{"level":"info","msg":"Using SHAs from PULL_REFS=master:0fb1ff0d72f0cf5a94f26bdc8b11240523603b1d","time":"2019-08-13T16:30:10Z"}
{"level":"warning","msg":"no SHAs to merge, falling back to initial cloned commit","time":"2019-08-13T16:30:10Z"}
Step: step-merge-pull-refs:

SKIP merge-pull-refs: Nothing to merge
Step: step-create-effective-pipeline:

{"level":"info","msg":"Deleting and cloning the Jenkins X versions repo","time":"2019-08-13T16:30:11Z"}
{"level":"info","msg":"Cloning the Jenkins X versions repo https://github.com/jenkins-x/jenkins-x-versions.git with ref refs/heads/master to /builder/home/.jx/jenkins-x-versions","time":"2019-08-13T16:30:11Z"}
{"level":"info","msg":"selected pack: /builder/home/.jx/draft/packs/github.com/jenkins-x-buildpacks/jenkins-x-kubernetes/packs/environment","time":"2019-08-13T16:30:12Z"}
{"level":"info","msg":"Effective pipeline written to jenkins-x-promotion-effective.yml","time":"2019-08-13T16:30:13Z"}
Step: step-create-tekton-crds:

{"level":"info","msg":"running command: jx step next-version --use-git-tag-only --tag","time":"2019-08-13T16:30:14Z"}
{"level":"info","msg":"created new version: 0.0.2 and written to file: ./VERSION","time":"2019-08-13T16:30:15Z"}
{"level":"info","msg":"Tag v0.0.2 created and pushed to remote origin","time":"2019-08-13T16:30:17Z"}
{"level":"info","msg":"","time":"2019-08-13T16:30:17Z"}
{"level":"info","msg":"PipelineActivity for *********-environment-*********-staging-master-2","time":"2019-08-13T16:30:17Z"}
{"level":"info","msg":"Applying changes ","time":"2019-08-13T16:30:17Z"}
{"level":"info","msg":"upserted PipelineResource *********-environment-********* for the git repository https://github.com/*********/environment-*********-staging.git and branch master","time":"2019-08-13T16:30:17Z"}
{"level":"info","msg":"upserted Task *********-environment-*********-6q6kl-from-build-pack-2","time":"2019-08-13T16:30:17Z"}
{"level":"info","msg":"upserted Pipeline *********-environment-*********-6q6kl-2","time":"2019-08-13T16:30:17Z"}
{"level":"info","msg":"created PipelineRun *********-environment-*********-6q6kl-2","time":"2019-08-13T16:30:17Z"}
{"level":"info","msg":"created PipelineStructure *********-environment-*********-6q6kl-2","time":"2019-08-13T16:30:17Z"}
