Step: step-credential-initializer-pb7kz:

{"level":"warn","ts":1565715357.0286772,"logger":"fallback-logger","caller":"logging/config.go:69","msg":"Fetch GitHub commit ID from kodata failed: \"ref: refs/heads/master\" is not a valid GitHub commit ID"}
{"level":"info","ts":1565715357.0292687,"logger":"fallback-logger","caller":"creds-init/main.go:40","msg":"Credentials initialized."}
Step: step-working-dir-initializer-7fj6z:

{"level":"warn","ts":1565715357.3528957,"logger":"fallback-logger","caller":"logging/config.go:69","msg":"Fetch GitHub commit ID from kodata failed: open /var/run/ko/HEAD: no such file or directory"}
{"level":"info","ts":1565715357.3557577,"logger":"fallback-logger","caller":"bash/main.go:65","msg":"Successfully executed command \"mkdir -p /workspace/source\""}
Step: step-place-tools:

Step: step-git-source-meta-*********-environment-simo-q2ph8:

{"level":"warn","ts":1565715431.5059574,"logger":"fallback-logger","caller":"logging/config.go:69","msg":"Fetch GitHub commit ID from kodata failed: \"ref: refs/heads/master\" is not a valid GitHub commit ID"}
{"level":"info","ts":1565715431.8120363,"logger":"fallback-logger","caller":"git/git.go:102","msg":"Successfully cloned https://github.com/*********/environment-*********-staging.git @ 6b25865fec0b628c42f318e7cbd4b9504c9aa0db in path /workspace/source"}
Step: step-git-merge:

{"level":"info","msg":"Using SHAs from PULL_REFS=master:6b25865fec0b628c42f318e7cbd4b9504c9aa0db","time":"2019-08-13T16:57:12Z"}
{"level":"warning","msg":"no SHAs to merge, falling back to initial cloned commit","time":"2019-08-13T16:57:12Z"}
Step: step-merge-pull-refs:

SKIP merge-pull-refs: Nothing to merge
Step: step-create-effective-pipeline:

{"level":"info","msg":"Deleting and cloning the Jenkins X versions repo","time":"2019-08-13T16:57:14Z"}
{"level":"info","msg":"Cloning the Jenkins X versions repo https://github.com/jenkins-x/jenkins-x-versions.git with ref refs/heads/master to /builder/home/.jx/jenkins-x-versions","time":"2019-08-13T16:57:14Z"}
{"level":"info","msg":"selected pack: /builder/home/.jx/draft/packs/github.com/jenkins-x-buildpacks/jenkins-x-kubernetes/packs/environment","time":"2019-08-13T16:57:15Z"}
{"level":"info","msg":"Effective pipeline written to jenkins-x-promotion-effective.yml","time":"2019-08-13T16:57:16Z"}
Step: step-create-tekton-crds:

{"level":"info","msg":"running command: jx step next-version --use-git-tag-only --tag","time":"2019-08-13T16:57:17Z"}
{"level":"info","msg":"created new version: 0.0.4 and written to file: ./VERSION","time":"2019-08-13T16:57:17Z"}
{"level":"info","msg":"Tag v0.0.4 created and pushed to remote origin","time":"2019-08-13T16:57:20Z"}
{"level":"info","msg":"","time":"2019-08-13T16:57:20Z"}
{"level":"info","msg":"PipelineActivity for *********-environment-*********-staging-master-4","time":"2019-08-13T16:57:20Z"}
{"level":"info","msg":"Applying changes ","time":"2019-08-13T16:57:20Z"}
{"level":"info","msg":"upserted PipelineResource *********-environment-********* for the git repository https://github.com/*********/environment-*********-staging.git and branch master","time":"2019-08-13T16:57:20Z"}
{"level":"info","msg":"upserted Task *********-environment-*********-b2646-from-build-pack-4","time":"2019-08-13T16:57:20Z"}
{"level":"info","msg":"upserted Pipeline *********-environment-*********-b2646-4","time":"2019-08-13T16:57:20Z"}
{"level":"info","msg":"created PipelineRun *********-environment-*********-b2646-4","time":"2019-08-13T16:57:20Z"}
{"level":"info","msg":"created PipelineStructure *********-environment-*********-b2646-4","time":"2019-08-13T16:57:20Z"}
