Step: step-credential-initializer-mgxkj:

{"level":"warn","ts":1565719931.0142024,"logger":"fallback-logger","caller":"logging/config.go:69","msg":"Fetch GitHub commit ID from kodata failed: \"ref: refs/heads/master\" is not a valid GitHub commit ID"}
{"level":"info","ts":1565719931.015122,"logger":"fallback-logger","caller":"creds-init/main.go:40","msg":"Credentials initialized."}
Step: step-working-dir-initializer-4vz65:

{"level":"warn","ts":1565719931.243282,"logger":"fallback-logger","caller":"logging/config.go:69","msg":"Fetch GitHub commit ID from kodata failed: open /var/run/ko/HEAD: no such file or directory"}
{"level":"info","ts":1565719931.2446415,"logger":"fallback-logger","caller":"bash/main.go:65","msg":"Successfully executed command \"mkdir -p /workspace/source\""}
Step: step-place-tools:

Step: step-git-source-meta-*********-environment-simo-lp2cp:

{"level":"warn","ts":1565719946.329093,"logger":"fallback-logger","caller":"logging/config.go:69","msg":"Fetch GitHub commit ID from kodata failed: \"ref: refs/heads/master\" is not a valid GitHub commit ID"}
{"level":"info","ts":1565719946.6026163,"logger":"fallback-logger","caller":"git/git.go:102","msg":"Successfully cloned https://github.com/*********/environment-*********-staging.git @ cb395c0dd6dcd8deaf385ab09e893cb68f5fb2c5 in path /workspace/source"}
Step: step-git-merge:

{"level":"info","msg":"Using SHAs from PULL_REFS=master:cb395c0dd6dcd8deaf385ab09e893cb68f5fb2c5","time":"2019-08-13T18:12:27Z"}
{"level":"warning","msg":"no SHAs to merge, falling back to initial cloned commit","time":"2019-08-13T18:12:27Z"}
Step: step-merge-pull-refs:

SKIP merge-pull-refs: Nothing to merge
Step: step-create-effective-pipeline:

{"level":"info","msg":"Deleting and cloning the Jenkins X versions repo","time":"2019-08-13T18:12:28Z"}
{"level":"info","msg":"Cloning the Jenkins X versions repo https://github.com/jenkins-x/jenkins-x-versions.git with ref refs/heads/master to /builder/home/.jx/jenkins-x-versions","time":"2019-08-13T18:12:28Z"}
{"level":"info","msg":"selected pack: /builder/home/.jx/draft/packs/github.com/jenkins-x-buildpacks/jenkins-x-kubernetes/packs/environment","time":"2019-08-13T18:12:29Z"}
{"level":"info","msg":"Effective pipeline written to jenkins-x-promotion-effective.yml","time":"2019-08-13T18:12:30Z"}
Step: step-create-tekton-crds:

{"level":"info","msg":"running command: jx step next-version --use-git-tag-only --tag","time":"2019-08-13T18:12:31Z"}
{"level":"info","msg":"created new version: 0.0.7 and written to file: ./VERSION","time":"2019-08-13T18:12:32Z"}
{"level":"info","msg":"Tag v0.0.7 created and pushed to remote origin","time":"2019-08-13T18:12:34Z"}
{"level":"info","msg":"","time":"2019-08-13T18:12:34Z"}
{"level":"info","msg":"PipelineActivity for *********-environment-*********-staging-master-7","time":"2019-08-13T18:12:34Z"}
{"level":"info","msg":"Applying changes ","time":"2019-08-13T18:12:34Z"}
{"level":"info","msg":"upserted PipelineResource *********-environment-********* for the git repository https://github.com/*********/environment-*********-staging.git and branch master","time":"2019-08-13T18:12:34Z"}
{"level":"info","msg":"upserted Task *********-environment-*********-qw9rd-from-build-pack-7","time":"2019-08-13T18:12:34Z"}
{"level":"info","msg":"upserted Pipeline *********-environment-*********-qw9rd-7","time":"2019-08-13T18:12:34Z"}
{"level":"info","msg":"created PipelineRun *********-environment-*********-qw9rd-7","time":"2019-08-13T18:12:34Z"}
{"level":"info","msg":"created PipelineStructure *********-environment-*********-qw9rd-7","time":"2019-08-13T18:12:34Z"}
