Step: step-credential-initializer-mpv4d:

{"level":"warn","ts":1565727600.027881,"logger":"fallback-logger","caller":"logging/config.go:69","msg":"Fetch GitHub commit ID from kodata failed: \"ref: refs/heads/master\" is not a valid GitHub commit ID"}
{"level":"info","ts":1565727600.0295076,"logger":"fallback-logger","caller":"creds-init/main.go:40","msg":"Credentials initialized."}
Step: step-working-dir-initializer-mh8qk:

{"level":"warn","ts":1565727600.2177713,"logger":"fallback-logger","caller":"logging/config.go:69","msg":"Fetch GitHub commit ID from kodata failed: open /var/run/ko/HEAD: no such file or directory"}
{"level":"info","ts":1565727600.218631,"logger":"fallback-logger","caller":"bash/main.go:65","msg":"Successfully executed command \"mkdir -p /workspace/source\""}
Step: step-place-tools:

Step: step-git-source-meta-*********-environment-simo-4xlbz:

{"level":"warn","ts":1565727609.3039367,"logger":"fallback-logger","caller":"logging/config.go:69","msg":"Fetch GitHub commit ID from kodata failed: \"ref: refs/heads/master\" is not a valid GitHub commit ID"}
{"level":"info","ts":1565727609.9847884,"logger":"fallback-logger","caller":"git/git.go:102","msg":"Successfully cloned https://github.com/*********/environment-*********-staging.git @ 505d0ed8808a21872354cb6b0418c6ac3b2b0c88 in path /workspace/source"}
Step: step-git-merge:

{"level":"info","msg":"Using SHAs from PULL_REFS=master:505d0ed8808a21872354cb6b0418c6ac3b2b0c88","time":"2019-08-13T20:20:10Z"}
{"level":"warning","msg":"no SHAs to merge, falling back to initial cloned commit","time":"2019-08-13T20:20:10Z"}
Step: step-merge-pull-refs:

SKIP merge-pull-refs: Nothing to merge
Step: step-create-effective-pipeline:

{"level":"info","msg":"Deleting and cloning the Jenkins X versions repo","time":"2019-08-13T20:20:11Z"}
{"level":"info","msg":"Cloning the Jenkins X versions repo https://github.com/jenkins-x/jenkins-x-versions.git with ref refs/heads/master to /builder/home/.jx/jenkins-x-versions","time":"2019-08-13T20:20:11Z"}
{"level":"info","msg":"selected pack: /builder/home/.jx/draft/packs/github.com/jenkins-x-buildpacks/jenkins-x-kubernetes/packs/environment","time":"2019-08-13T20:20:12Z"}
{"level":"info","msg":"Effective pipeline written to jenkins-x-promotion-effective.yml","time":"2019-08-13T20:20:13Z"}
Step: step-create-tekton-crds:

{"level":"info","msg":"running command: jx step next-version --use-git-tag-only --tag","time":"2019-08-13T20:20:14Z"}
{"level":"info","msg":"created new version: 0.0.9 and written to file: ./VERSION","time":"2019-08-13T20:20:14Z"}
{"level":"info","msg":"Tag v0.0.9 created and pushed to remote origin","time":"2019-08-13T20:20:17Z"}
{"level":"info","msg":"","time":"2019-08-13T20:20:17Z"}
{"level":"info","msg":"PipelineActivity for *********-environment-*********-staging-master-9","time":"2019-08-13T20:20:17Z"}
{"level":"info","msg":"Applying changes ","time":"2019-08-13T20:20:17Z"}
{"level":"info","msg":"upserted PipelineResource *********-environment-********* for the git repository https://github.com/*********/environment-*********-staging.git and branch master","time":"2019-08-13T20:20:17Z"}
{"level":"info","msg":"upserted Task *********-environment-*********-nbbgb-from-build-pack-9","time":"2019-08-13T20:20:17Z"}
{"level":"info","msg":"upserted Pipeline *********-environment-*********-nbbgb-9","time":"2019-08-13T20:20:17Z"}
{"level":"info","msg":"created PipelineRun *********-environment-*********-nbbgb-9","time":"2019-08-13T20:20:17Z"}
{"level":"info","msg":"created PipelineStructure *********-environment-*********-nbbgb-9","time":"2019-08-13T20:20:17Z"}
